-------------------------------------------------------------------------------
Test set: com.egg.ServiLand.ServiLandApplicationTests
-------------------------------------------------------------------------------
<<<<<<< HEAD
Tests run: 1, Failures: 0, Errors: 1, Skipped: 0, Time elapsed: 26.846 s <<< FAILURE! - in com.egg.ServiLand.ServiLandApplicationTests
contextLoads  Time elapsed: 0.004 s  <<< ERROR!
java.lang.IllegalStateException: Failed to load ApplicationContext
Caused by: org.springframework.beans.factory.UnsatisfiedDependencyException: Error creating bean with name 'clienteControlador': Unsatisfied dependency expressed through field 'clienteServicio'; nested exception is org.springframework.beans.factory.UnsatisfiedDependencyException: Error creating bean with name 'clienteServicio': Unsatisfied dependency expressed through field 'us'; nested exception is org.springframework.beans.factory.NoSuchBeanDefinitionException: No qualifying bean of type 'com.egg.ServiLand.servicios.UsuarioServicio' available: expected at least 1 bean which qualifies as autowire candidate. Dependency annotations: {@org.springframework.beans.factory.annotation.Autowired(required=true)}
Caused by: org.springframework.beans.factory.UnsatisfiedDependencyException: Error creating bean with name 'clienteServicio': Unsatisfied dependency expressed through field 'us'; nested exception is org.springframework.beans.factory.NoSuchBeanDefinitionException: No qualifying bean of type 'com.egg.ServiLand.servicios.UsuarioServicio' available: expected at least 1 bean which qualifies as autowire candidate. Dependency annotations: {@org.springframework.beans.factory.annotation.Autowired(required=true)}
Caused by: org.springframework.beans.factory.NoSuchBeanDefinitionException: No qualifying bean of type 'com.egg.ServiLand.servicios.UsuarioServicio' available: expected at least 1 bean which qualifies as autowire candidate. Dependency annotations: {@org.springframework.beans.factory.annotation.Autowired(required=true)}

=======
Tests run: 1, Failures: 0, Errors: 0, Skipped: 0, Time elapsed: 32.764 s - in com.egg.ServiLand.ServiLandApplicationTests
>>>>>>> 8d738263ee2cb8a41fdf1b39ac8f2869cacb92f0
